<?xml version="1.0" encoding="UTF-8"?>
<!-- Generated by org.testng.reporters.JUnitReportReporter -->
<testsuite hostname="DESKTOP-GS40TH6" failures="0" tests="4" name="testNGdemo.Tests_01$Tests_02" time="0.020" errors="0" timestamp="2021-10-04T16:15:50 IST" skipped="1">
  <testcase classname="testNGdemo.Tests_01$Tests_02" name="Myntra" time="0.016"/>
  <system-out>
    <![CDATA[from Myntra]]>
  </system-out>
  <testcase classname="testNGdemo.Tests_01$Tests_02" name="Myntra" time="0.001"/>
  <system-out>
    <![CDATA[from Myntra]]>
  </system-out>
  <testcase classname="testNGdemo.Tests_01$Tests_02" name="Myntra" time="0.003"/>
  <system-out>
    <![CDATA[from Myntra]]>
  </system-out>
  <testcase classname="testNGdemo.Tests_01$Tests_02" name="Flipkart">
    <skipped/>
  </testcase> <!-- Flipkart -->
  <system-out/>
</testsuite> <!-- testNGdemo.Tests_01$Tests_02 -->
