<?xml version="1.0" encoding="UTF-8"?>
<!-- Generated by org.testng.reporters.JUnitReportReporter -->
<testsuite hostname="DESKTOP-GS40TH6" failures="0" tests="1" name="testNGdemo.Tests_04" time="0.040" errors="0" timestamp="2021-10-05T12:06:52 IST" skipped="0">
  <testcase classname="testNGdemo.Tests_04" name="ajio" time="0.040"/>
  <system-out>
    <![CDATA[from ajio]]>
  </system-out>
</testsuite> <!-- testNGdemo.Tests_04 -->
