<?xml version="1.0" encoding="UTF-8"?>
<!-- Generated by org.testng.reporters.JUnitReportReporter -->
<testsuite hostname="DESKTOP-GS40TH6" failures="0" tests="1" name="testNGdemo.Tests_05" time="0.001" errors="0" timestamp="2021-10-05T12:07:10 IST" skipped="0">
  <testcase classname="testNGdemo.Tests_05" name="meesho" time="0.001"/>
  <system-out>
    <![CDATA[from meesho]]>
  </system-out>
</testsuite> <!-- testNGdemo.Tests_05 -->
