<?xml version="1.0" encoding="UTF-8"?>
<!-- Generated by org.testng.reporters.JUnitReportReporter -->
<testsuite hostname="DESKTOP-GS40TH6" failures="0" tests="1" name="selenium.TestNG" time="0.011" errors="0" timestamp="2021-10-04T15:50:46 IST" skipped="0">
  <testcase classname="selenium.TestNG" name="demo" time="0.011"/>
  <system-out>
    <![CDATA[hello]]>
  </system-out>
</testsuite> <!-- selenium.TestNG -->
